2018-01-23 19:01:13.338  INFO 992 --- [restartedMain] c.i.u.UploadExampleApplication           : Starting UploadExampleApplication on HP with PID 992 (E:\workspace-sts-3.9.2.RELEASE\upload_example\target\classes started by Genius in E:\workspace-sts-3.9.2.RELEASE\upload_example)
2018-01-23 19:01:13.349  INFO 992 --- [restartedMain] c.i.u.UploadExampleApplication           : No active profile set, falling back to default profiles: default
2018-01-23 19:01:14.307  INFO 992 --- [restartedMain] ationConfigEmbeddedWebApplicationContext : Refreshing org.springframework.boot.context.embedded.AnnotationConfigEmbeddedWebApplicationContext@72743acc: startup date [Tue Jan 23 19:01:14 CET 2018]; root of context hierarchy
2018-01-23 19:01:19.584  INFO 992 --- [restartedMain] s.b.c.e.t.TomcatEmbeddedServletContainer : Tomcat initialized with port(s): 9000 (http)
2018-01-23 19:01:19.626  INFO 992 --- [restartedMain] o.a.c.c.StandardService                  : Starting service [Tomcat]
2018-01-23 19:01:19.626  INFO 992 --- [restartedMain] o.a.c.c.StandardEngine                   : Starting Servlet Engine: Apache Tomcat/8.5.23
2018-01-23 19:01:20.261  INFO 992 --- [localhost-startStop-1] o.a.c.c.C.[.[.[/]                        : Initializing Spring embedded WebApplicationContext
2018-01-23 19:01:20.261  INFO 992 --- [localhost-startStop-1] o.s.w.c.ContextLoader                    : Root WebApplicationContext: initialization completed in 5954 ms
2018-01-23 19:01:21.021  INFO 992 --- [localhost-startStop-1] o.s.b.w.s.ServletRegistrationBean        : Mapping servlet: 'dispatcherServlet' to [/]
2018-01-23 19:01:21.032  INFO 992 --- [localhost-startStop-1] o.s.b.w.s.FilterRegistrationBean         : Mapping filter: 'characterEncodingFilter' to: [/*]
2018-01-23 19:01:21.048  INFO 992 --- [localhost-startStop-1] o.s.b.w.s.FilterRegistrationBean         : Mapping filter: 'hiddenHttpMethodFilter' to: [/*]
2018-01-23 19:01:21.048  INFO 992 --- [localhost-startStop-1] o.s.b.w.s.FilterRegistrationBean         : Mapping filter: 'httpPutFormContentFilter' to: [/*]
2018-01-23 19:01:21.048  INFO 992 --- [localhost-startStop-1] o.s.b.w.s.FilterRegistrationBean         : Mapping filter: 'requestContextFilter' to: [/*]
2018-01-23 19:01:21.235  WARN 992 --- [restartedMain] ationConfigEmbeddedWebApplicationContext : Exception encountered during context initialization - cancelling refresh attempt: org.springframework.beans.factory.BeanCreationException: Error creating bean with name 'uploaderController' defined in file [E:\workspace-sts-3.9.2.RELEASE\upload_example\target\classes\com\iktpreobuka\uploadexample\controllers\UploaderController.class]: Instantiation of bean failed; nested exception is org.springframework.beans.BeanInstantiationException: Failed to instantiate [com.iktpreobuka.uploadexample.controllers.UploaderController]: Constructor threw exception; nested exception is java.lang.ClassCastException: org.apache.logging.slf4j.Log4jLogger cannot be cast to org.apache.logging.log4j.Logger
2018-01-23 19:01:21.235  INFO 992 --- [restartedMain] o.a.c.c.StandardService                  : Stopping service [Tomcat]
2018-01-23 19:01:21.313  INFO 992 --- [restartedMain] utoConfigurationReportLoggingInitializer : 

Error starting ApplicationContext. To display the auto-configuration report re-run your application with 'debug' enabled.
2018-01-23 19:01:21.347 ERROR 992 --- [restartedMain] o.s.b.SpringApplication                  : Application startup failed

org.springframework.beans.factory.BeanCreationException: Error creating bean with name 'uploaderController' defined in file [E:\workspace-sts-3.9.2.RELEASE\upload_example\target\classes\com\iktpreobuka\uploadexample\controllers\UploaderController.class]: Instantiation of bean failed; nested exception is org.springframework.beans.BeanInstantiationException: Failed to instantiate [com.iktpreobuka.uploadexample.controllers.UploaderController]: Constructor threw exception; nested exception is java.lang.ClassCastException: org.apache.logging.slf4j.Log4jLogger cannot be cast to org.apache.logging.log4j.Logger
	at org.springframework.beans.factory.support.AbstractAutowireCapableBeanFactory.instantiateBean(AbstractAutowireCapableBeanFactory.java:1155) ~[spring-beans-4.3.13.RELEASE.jar:4.3.13.RELEASE]
	at org.springframework.beans.factory.support.AbstractAutowireCapableBeanFactory.createBeanInstance(AbstractAutowireCapableBeanFactory.java:1099) ~[spring-beans-4.3.13.RELEASE.jar:4.3.13.RELEASE]
	at org.springframework.beans.factory.support.AbstractAutowireCapableBeanFactory.doCreateBean(AbstractAutowireCapableBeanFactory.java:513) ~[spring-beans-4.3.13.RELEASE.jar:4.3.13.RELEASE]
	at org.springframework.beans.factory.support.AbstractAutowireCapableBeanFactory.createBean(AbstractAutowireCapableBeanFactory.java:483) ~[spring-beans-4.3.13.RELEASE.jar:4.3.13.RELEASE]
	at org.springframework.beans.factory.support.AbstractBeanFactory$1.getObject(AbstractBeanFactory.java:306) ~[spring-beans-4.3.13.RELEASE.jar:4.3.13.RELEASE]
	at org.springframework.beans.factory.support.DefaultSingletonBeanRegistry.getSingleton(DefaultSingletonBeanRegistry.java:230) ~[spring-beans-4.3.13.RELEASE.jar:4.3.13.RELEASE]
	at org.springframework.beans.factory.support.AbstractBeanFactory.doGetBean(AbstractBeanFactory.java:302) ~[spring-beans-4.3.13.RELEASE.jar:4.3.13.RELEASE]
	at org.springframework.beans.factory.support.AbstractBeanFactory.getBean(AbstractBeanFactory.java:197) ~[spring-beans-4.3.13.RELEASE.jar:4.3.13.RELEASE]
	at org.springframework.beans.factory.support.DefaultListableBeanFactory.preInstantiateSingletons(DefaultListableBeanFactory.java:761) ~[spring-beans-4.3.13.RELEASE.jar:4.3.13.RELEASE]
	at org.springframework.context.support.AbstractApplicationContext.finishBeanFactoryInitialization(AbstractApplicationContext.java:867) ~[spring-context-4.3.13.RELEASE.jar:4.3.13.RELEASE]
	at org.springframework.context.support.AbstractApplicationContext.refresh(AbstractApplicationContext.java:543) ~[spring-context-4.3.13.RELEASE.jar:4.3.13.RELEASE]
	at org.springframework.boot.context.embedded.EmbeddedWebApplicationContext.refresh(EmbeddedWebApplicationContext.java:122) ~[spring-boot-1.5.9.RELEASE.jar:1.5.9.RELEASE]
	at org.springframework.boot.SpringApplication.refresh(SpringApplication.java:693) [spring-boot-1.5.9.RELEASE.jar:1.5.9.RELEASE]
	at org.springframework.boot.SpringApplication.refreshContext(SpringApplication.java:360) [spring-boot-1.5.9.RELEASE.jar:1.5.9.RELEASE]
	at org.springframework.boot.SpringApplication.run(SpringApplication.java:303) [spring-boot-1.5.9.RELEASE.jar:1.5.9.RELEASE]
	at org.springframework.boot.SpringApplication.run(SpringApplication.java:1118) [spring-boot-1.5.9.RELEASE.jar:1.5.9.RELEASE]
	at org.springframework.boot.SpringApplication.run(SpringApplication.java:1107) [spring-boot-1.5.9.RELEASE.jar:1.5.9.RELEASE]
	at com.iktpreobuka.uploadexample.UploadExampleApplication.main(UploadExampleApplication.java:14) [classes/:?]
	at sun.reflect.NativeMethodAccessorImpl.invoke0(Native Method) ~[?:1.8.0_151]
	at sun.reflect.NativeMethodAccessorImpl.invoke(Unknown Source) ~[?:1.8.0_151]
	at sun.reflect.DelegatingMethodAccessorImpl.invoke(Unknown Source) ~[?:1.8.0_151]
	at java.lang.reflect.Method.invoke(Unknown Source) ~[?:1.8.0_151]
	at org.springframework.boot.devtools.restart.RestartLauncher.run(RestartLauncher.java:49) [spring-boot-devtools-1.5.9.RELEASE.jar:1.5.9.RELEASE]
Caused by: org.springframework.beans.BeanInstantiationException: Failed to instantiate [com.iktpreobuka.uploadexample.controllers.UploaderController]: Constructor threw exception; nested exception is java.lang.ClassCastException: org.apache.logging.slf4j.Log4jLogger cannot be cast to org.apache.logging.log4j.Logger
	at org.springframework.beans.BeanUtils.instantiateClass(BeanUtils.java:154) ~[spring-beans-4.3.13.RELEASE.jar:4.3.13.RELEASE]
	at org.springframework.beans.factory.support.SimpleInstantiationStrategy.instantiate(SimpleInstantiationStrategy.java:89) ~[spring-beans-4.3.13.RELEASE.jar:4.3.13.RELEASE]
	at org.springframework.beans.factory.support.AbstractAutowireCapableBeanFactory.instantiateBean(AbstractAutowireCapableBeanFactory.java:1147) ~[spring-beans-4.3.13.RELEASE.jar:4.3.13.RELEASE]
	... 22 more
Caused by: java.lang.ClassCastException: org.apache.logging.slf4j.Log4jLogger cannot be cast to org.apache.logging.log4j.Logger
	at com.iktpreobuka.uploadexample.controllers.UploaderController.<init>(UploaderController.java:24) ~[classes/:?]
	at sun.reflect.NativeConstructorAccessorImpl.newInstance0(Native Method) ~[?:1.8.0_151]
	at sun.reflect.NativeConstructorAccessorImpl.newInstance(Unknown Source) ~[?:1.8.0_151]
	at sun.reflect.DelegatingConstructorAccessorImpl.newInstance(Unknown Source) ~[?:1.8.0_151]
	at java.lang.reflect.Constructor.newInstance(Unknown Source) ~[?:1.8.0_151]
	at org.springframework.beans.BeanUtils.instantiateClass(BeanUtils.java:142) ~[spring-beans-4.3.13.RELEASE.jar:4.3.13.RELEASE]
	at org.springframework.beans.factory.support.SimpleInstantiationStrategy.instantiate(SimpleInstantiationStrategy.java:89) ~[spring-beans-4.3.13.RELEASE.jar:4.3.13.RELEASE]
	at org.springframework.beans.factory.support.AbstractAutowireCapableBeanFactory.instantiateBean(AbstractAutowireCapableBeanFactory.java:1147) ~[spring-beans-4.3.13.RELEASE.jar:4.3.13.RELEASE]
	... 22 more

2018-01-23 19:02:01.412  INFO 3268 --- [restartedMain] c.i.u.UploadExampleApplication           : Starting UploadExampleApplication on HP with PID 3268 (E:\workspace-sts-3.9.2.RELEASE\upload_example\target\classes started by Genius in E:\workspace-sts-3.9.2.RELEASE\upload_example)
2018-01-23 19:02:01.428  INFO 3268 --- [restartedMain] c.i.u.UploadExampleApplication           : No active profile set, falling back to default profiles: default
2018-01-23 19:02:02.052  INFO 3268 --- [restartedMain] ationConfigEmbeddedWebApplicationContext : Refreshing org.springframework.boot.context.embedded.AnnotationConfigEmbeddedWebApplicationContext@5270581a: startup date [Tue Jan 23 19:02:02 CET 2018]; root of context hierarchy
2018-01-23 19:02:06.397  INFO 3268 --- [restartedMain] s.b.c.e.t.TomcatEmbeddedServletContainer : Tomcat initialized with port(s): 9090 (http)
2018-01-23 19:02:06.437  INFO 3268 --- [restartedMain] o.a.c.c.StandardService                  : Starting service [Tomcat]
2018-01-23 19:02:06.437  INFO 3268 --- [restartedMain] o.a.c.c.StandardEngine                   : Starting Servlet Engine: Apache Tomcat/8.5.23
2018-01-23 19:02:06.929  INFO 3268 --- [localhost-startStop-1] o.a.c.c.C.[.[.[/]                        : Initializing Spring embedded WebApplicationContext
2018-01-23 19:02:06.929  INFO 3268 --- [localhost-startStop-1] o.s.w.c.ContextLoader                    : Root WebApplicationContext: initialization completed in 4892 ms
2018-01-23 19:02:07.568  INFO 3268 --- [localhost-startStop-1] o.s.b.w.s.ServletRegistrationBean        : Mapping servlet: 'dispatcherServlet' to [/]
2018-01-23 19:02:07.577  INFO 3268 --- [localhost-startStop-1] o.s.b.w.s.FilterRegistrationBean         : Mapping filter: 'characterEncodingFilter' to: [/*]
2018-01-23 19:02:07.577  INFO 3268 --- [localhost-startStop-1] o.s.b.w.s.FilterRegistrationBean         : Mapping filter: 'hiddenHttpMethodFilter' to: [/*]
2018-01-23 19:02:07.577  INFO 3268 --- [localhost-startStop-1] o.s.b.w.s.FilterRegistrationBean         : Mapping filter: 'httpPutFormContentFilter' to: [/*]
2018-01-23 19:02:07.577  INFO 3268 --- [localhost-startStop-1] o.s.b.w.s.FilterRegistrationBean         : Mapping filter: 'requestContextFilter' to: [/*]
2018-01-23 19:02:07.718  WARN 3268 --- [restartedMain] ationConfigEmbeddedWebApplicationContext : Exception encountered during context initialization - cancelling refresh attempt: org.springframework.beans.factory.BeanCreationException: Error creating bean with name 'uploaderController' defined in file [E:\workspace-sts-3.9.2.RELEASE\upload_example\target\classes\com\iktpreobuka\uploadexample\controllers\UploaderController.class]: Instantiation of bean failed; nested exception is org.springframework.beans.BeanInstantiationException: Failed to instantiate [com.iktpreobuka.uploadexample.controllers.UploaderController]: Constructor threw exception; nested exception is java.lang.ClassCastException: org.apache.logging.slf4j.Log4jLogger cannot be cast to org.apache.logging.log4j.Logger
2018-01-23 19:02:07.733  INFO 3268 --- [restartedMain] o.a.c.c.StandardService                  : Stopping service [Tomcat]
2018-01-23 19:02:07.798  INFO 3268 --- [restartedMain] utoConfigurationReportLoggingInitializer : 

Error starting ApplicationContext. To display the auto-configuration report re-run your application with 'debug' enabled.
2018-01-23 19:02:07.834 ERROR 3268 --- [restartedMain] o.s.b.SpringApplication                  : Application startup failed

org.springframework.beans.factory.BeanCreationException: Error creating bean with name 'uploaderController' defined in file [E:\workspace-sts-3.9.2.RELEASE\upload_example\target\classes\com\iktpreobuka\uploadexample\controllers\UploaderController.class]: Instantiation of bean failed; nested exception is org.springframework.beans.BeanInstantiationException: Failed to instantiate [com.iktpreobuka.uploadexample.controllers.UploaderController]: Constructor threw exception; nested exception is java.lang.ClassCastException: org.apache.logging.slf4j.Log4jLogger cannot be cast to org.apache.logging.log4j.Logger
	at org.springframework.beans.factory.support.AbstractAutowireCapableBeanFactory.instantiateBean(AbstractAutowireCapableBeanFactory.java:1155) ~[spring-beans-4.3.13.RELEASE.jar:4.3.13.RELEASE]
	at org.springframework.beans.factory.support.AbstractAutowireCapableBeanFactory.createBeanInstance(AbstractAutowireCapableBeanFactory.java:1099) ~[spring-beans-4.3.13.RELEASE.jar:4.3.13.RELEASE]
	at org.springframework.beans.factory.support.AbstractAutowireCapableBeanFactory.doCreateBean(AbstractAutowireCapableBeanFactory.java:513) ~[spring-beans-4.3.13.RELEASE.jar:4.3.13.RELEASE]
	at org.springframework.beans.factory.support.AbstractAutowireCapableBeanFactory.createBean(AbstractAutowireCapableBeanFactory.java:483) ~[spring-beans-4.3.13.RELEASE.jar:4.3.13.RELEASE]
	at org.springframework.beans.factory.support.AbstractBeanFactory$1.getObject(AbstractBeanFactory.java:306) ~[spring-beans-4.3.13.RELEASE.jar:4.3.13.RELEASE]
	at org.springframework.beans.factory.support.DefaultSingletonBeanRegistry.getSingleton(DefaultSingletonBeanRegistry.java:230) ~[spring-beans-4.3.13.RELEASE.jar:4.3.13.RELEASE]
	at org.springframework.beans.factory.support.AbstractBeanFactory.doGetBean(AbstractBeanFactory.java:302) ~[spring-beans-4.3.13.RELEASE.jar:4.3.13.RELEASE]
	at org.springframework.beans.factory.support.AbstractBeanFactory.getBean(AbstractBeanFactory.java:197) ~[spring-beans-4.3.13.RELEASE.jar:4.3.13.RELEASE]
	at org.springframework.beans.factory.support.DefaultListableBeanFactory.preInstantiateSingletons(DefaultListableBeanFactory.java:761) ~[spring-beans-4.3.13.RELEASE.jar:4.3.13.RELEASE]
	at org.springframework.context.support.AbstractApplicationContext.finishBeanFactoryInitialization(AbstractApplicationContext.java:867) ~[spring-context-4.3.13.RELEASE.jar:4.3.13.RELEASE]
	at org.springframework.context.support.AbstractApplicationContext.refresh(AbstractApplicationContext.java:543) ~[spring-context-4.3.13.RELEASE.jar:4.3.13.RELEASE]
	at org.springframework.boot.context.embedded.EmbeddedWebApplicationContext.refresh(EmbeddedWebApplicationContext.java:122) ~[spring-boot-1.5.9.RELEASE.jar:1.5.9.RELEASE]
	at org.springframework.boot.SpringApplication.refresh(SpringApplication.java:693) [spring-boot-1.5.9.RELEASE.jar:1.5.9.RELEASE]
	at org.springframework.boot.SpringApplication.refreshContext(SpringApplication.java:360) [spring-boot-1.5.9.RELEASE.jar:1.5.9.RELEASE]
	at org.springframework.boot.SpringApplication.run(SpringApplication.java:303) [spring-boot-1.5.9.RELEASE.jar:1.5.9.RELEASE]
	at org.springframework.boot.SpringApplication.run(SpringApplication.java:1118) [spring-boot-1.5.9.RELEASE.jar:1.5.9.RELEASE]
	at org.springframework.boot.SpringApplication.run(SpringApplication.java:1107) [spring-boot-1.5.9.RELEASE.jar:1.5.9.RELEASE]
	at com.iktpreobuka.uploadexample.UploadExampleApplication.main(UploadExampleApplication.java:14) [classes/:?]
	at sun.reflect.NativeMethodAccessorImpl.invoke0(Native Method) ~[?:1.8.0_151]
	at sun.reflect.NativeMethodAccessorImpl.invoke(Unknown Source) ~[?:1.8.0_151]
	at sun.reflect.DelegatingMethodAccessorImpl.invoke(Unknown Source) ~[?:1.8.0_151]
	at java.lang.reflect.Method.invoke(Unknown Source) ~[?:1.8.0_151]
	at org.springframework.boot.devtools.restart.RestartLauncher.run(RestartLauncher.java:49) [spring-boot-devtools-1.5.9.RELEASE.jar:1.5.9.RELEASE]
Caused by: org.springframework.beans.BeanInstantiationException: Failed to instantiate [com.iktpreobuka.uploadexample.controllers.UploaderController]: Constructor threw exception; nested exception is java.lang.ClassCastException: org.apache.logging.slf4j.Log4jLogger cannot be cast to org.apache.logging.log4j.Logger
	at org.springframework.beans.BeanUtils.instantiateClass(BeanUtils.java:154) ~[spring-beans-4.3.13.RELEASE.jar:4.3.13.RELEASE]
	at org.springframework.beans.factory.support.SimpleInstantiationStrategy.instantiate(SimpleInstantiationStrategy.java:89) ~[spring-beans-4.3.13.RELEASE.jar:4.3.13.RELEASE]
	at org.springframework.beans.factory.support.AbstractAutowireCapableBeanFactory.instantiateBean(AbstractAutowireCapableBeanFactory.java:1147) ~[spring-beans-4.3.13.RELEASE.jar:4.3.13.RELEASE]
	... 22 more
Caused by: java.lang.ClassCastException: org.apache.logging.slf4j.Log4jLogger cannot be cast to org.apache.logging.log4j.Logger
	at com.iktpreobuka.uploadexample.controllers.UploaderController.<init>(UploaderController.java:24) ~[classes/:?]
	at sun.reflect.NativeConstructorAccessorImpl.newInstance0(Native Method) ~[?:1.8.0_151]
	at sun.reflect.NativeConstructorAccessorImpl.newInstance(Unknown Source) ~[?:1.8.0_151]
	at sun.reflect.DelegatingConstructorAccessorImpl.newInstance(Unknown Source) ~[?:1.8.0_151]
	at java.lang.reflect.Constructor.newInstance(Unknown Source) ~[?:1.8.0_151]
	at org.springframework.beans.BeanUtils.instantiateClass(BeanUtils.java:142) ~[spring-beans-4.3.13.RELEASE.jar:4.3.13.RELEASE]
	at org.springframework.beans.factory.support.SimpleInstantiationStrategy.instantiate(SimpleInstantiationStrategy.java:89) ~[spring-beans-4.3.13.RELEASE.jar:4.3.13.RELEASE]
	at org.springframework.beans.factory.support.AbstractAutowireCapableBeanFactory.instantiateBean(AbstractAutowireCapableBeanFactory.java:1147) ~[spring-beans-4.3.13.RELEASE.jar:4.3.13.RELEASE]
	... 22 more

2018-01-23 19:03:16.573  INFO 2084 --- [restartedMain] c.i.u.UploadExampleApplication           : Starting UploadExampleApplication on HP with PID 2084 (E:\workspace-sts-3.9.2.RELEASE\upload_example\target\classes started by Genius in E:\workspace-sts-3.9.2.RELEASE\upload_example)
2018-01-23 19:03:16.604  INFO 2084 --- [restartedMain] c.i.u.UploadExampleApplication           : No active profile set, falling back to default profiles: default
2018-01-23 19:03:17.308  INFO 2084 --- [restartedMain] ationConfigEmbeddedWebApplicationContext : Refreshing org.springframework.boot.context.embedded.AnnotationConfigEmbeddedWebApplicationContext@7c55be67: startup date [Tue Jan 23 19:03:17 CET 2018]; root of context hierarchy
2018-01-23 19:03:21.428  INFO 2084 --- [restartedMain] s.b.c.e.t.TomcatEmbeddedServletContainer : Tomcat initialized with port(s): 8080 (http)
2018-01-23 19:03:21.466  INFO 2084 --- [restartedMain] o.a.c.c.StandardService                  : Starting service [Tomcat]
2018-01-23 19:03:21.466  INFO 2084 --- [restartedMain] o.a.c.c.StandardEngine                   : Starting Servlet Engine: Apache Tomcat/8.5.23
2018-01-23 19:03:21.882  INFO 2084 --- [localhost-startStop-1] o.a.c.c.C.[.[.[/]                        : Initializing Spring embedded WebApplicationContext
2018-01-23 19:03:21.882  INFO 2084 --- [localhost-startStop-1] o.s.w.c.ContextLoader                    : Root WebApplicationContext: initialization completed in 4574 ms
2018-01-23 19:03:22.411  INFO 2084 --- [localhost-startStop-1] o.s.b.w.s.ServletRegistrationBean        : Mapping servlet: 'dispatcherServlet' to [/]
2018-01-23 19:03:22.411  INFO 2084 --- [localhost-startStop-1] o.s.b.w.s.FilterRegistrationBean         : Mapping filter: 'characterEncodingFilter' to: [/*]
2018-01-23 19:03:22.427  INFO 2084 --- [localhost-startStop-1] o.s.b.w.s.FilterRegistrationBean         : Mapping filter: 'hiddenHttpMethodFilter' to: [/*]
2018-01-23 19:03:22.427  INFO 2084 --- [localhost-startStop-1] o.s.b.w.s.FilterRegistrationBean         : Mapping filter: 'httpPutFormContentFilter' to: [/*]
2018-01-23 19:03:22.427  INFO 2084 --- [localhost-startStop-1] o.s.b.w.s.FilterRegistrationBean         : Mapping filter: 'requestContextFilter' to: [/*]
2018-01-23 19:03:22.552  WARN 2084 --- [restartedMain] ationConfigEmbeddedWebApplicationContext : Exception encountered during context initialization - cancelling refresh attempt: org.springframework.beans.factory.BeanCreationException: Error creating bean with name 'uploaderController' defined in file [E:\workspace-sts-3.9.2.RELEASE\upload_example\target\classes\com\iktpreobuka\uploadexample\controllers\UploaderController.class]: Instantiation of bean failed; nested exception is org.springframework.beans.BeanInstantiationException: Failed to instantiate [com.iktpreobuka.uploadexample.controllers.UploaderController]: Constructor threw exception; nested exception is java.lang.ClassCastException: org.apache.logging.slf4j.Log4jLogger cannot be cast to org.apache.logging.log4j.Logger
2018-01-23 19:03:22.563  INFO 2084 --- [restartedMain] o.a.c.c.StandardService                  : Stopping service [Tomcat]
2018-01-23 19:03:22.641  INFO 2084 --- [restartedMain] utoConfigurationReportLoggingInitializer : 

Error starting ApplicationContext. To display the auto-configuration report re-run your application with 'debug' enabled.
2018-01-23 19:03:22.672 ERROR 2084 --- [restartedMain] o.s.b.SpringApplication                  : Application startup failed

org.springframework.beans.factory.BeanCreationException: Error creating bean with name 'uploaderController' defined in file [E:\workspace-sts-3.9.2.RELEASE\upload_example\target\classes\com\iktpreobuka\uploadexample\controllers\UploaderController.class]: Instantiation of bean failed; nested exception is org.springframework.beans.BeanInstantiationException: Failed to instantiate [com.iktpreobuka.uploadexample.controllers.UploaderController]: Constructor threw exception; nested exception is java.lang.ClassCastException: org.apache.logging.slf4j.Log4jLogger cannot be cast to org.apache.logging.log4j.Logger
	at org.springframework.beans.factory.support.AbstractAutowireCapableBeanFactory.instantiateBean(AbstractAutowireCapableBeanFactory.java:1155) ~[spring-beans-4.3.13.RELEASE.jar:4.3.13.RELEASE]
	at org.springframework.beans.factory.support.AbstractAutowireCapableBeanFactory.createBeanInstance(AbstractAutowireCapableBeanFactory.java:1099) ~[spring-beans-4.3.13.RELEASE.jar:4.3.13.RELEASE]
	at org.springframework.beans.factory.support.AbstractAutowireCapableBeanFactory.doCreateBean(AbstractAutowireCapableBeanFactory.java:513) ~[spring-beans-4.3.13.RELEASE.jar:4.3.13.RELEASE]
	at org.springframework.beans.factory.support.AbstractAutowireCapableBeanFactory.createBean(AbstractAutowireCapableBeanFactory.java:483) ~[spring-beans-4.3.13.RELEASE.jar:4.3.13.RELEASE]
	at org.springframework.beans.factory.support.AbstractBeanFactory$1.getObject(AbstractBeanFactory.java:306) ~[spring-beans-4.3.13.RELEASE.jar:4.3.13.RELEASE]
	at org.springframework.beans.factory.support.DefaultSingletonBeanRegistry.getSingleton(DefaultSingletonBeanRegistry.java:230) ~[spring-beans-4.3.13.RELEASE.jar:4.3.13.RELEASE]
	at org.springframework.beans.factory.support.AbstractBeanFactory.doGetBean(AbstractBeanFactory.java:302) ~[spring-beans-4.3.13.RELEASE.jar:4.3.13.RELEASE]
	at org.springframework.beans.factory.support.AbstractBeanFactory.getBean(AbstractBeanFactory.java:197) ~[spring-beans-4.3.13.RELEASE.jar:4.3.13.RELEASE]
	at org.springframework.beans.factory.support.DefaultListableBeanFactory.preInstantiateSingletons(DefaultListableBeanFactory.java:761) ~[spring-beans-4.3.13.RELEASE.jar:4.3.13.RELEASE]
	at org.springframework.context.support.AbstractApplicationContext.finishBeanFactoryInitialization(AbstractApplicationContext.java:867) ~[spring-context-4.3.13.RELEASE.jar:4.3.13.RELEASE]
	at org.springframework.context.support.AbstractApplicationContext.refresh(AbstractApplicationContext.java:543) ~[spring-context-4.3.13.RELEASE.jar:4.3.13.RELEASE]
	at org.springframework.boot.context.embedded.EmbeddedWebApplicationContext.refresh(EmbeddedWebApplicationContext.java:122) ~[spring-boot-1.5.9.RELEASE.jar:1.5.9.RELEASE]
	at org.springframework.boot.SpringApplication.refresh(SpringApplication.java:693) [spring-boot-1.5.9.RELEASE.jar:1.5.9.RELEASE]
	at org.springframework.boot.SpringApplication.refreshContext(SpringApplication.java:360) [spring-boot-1.5.9.RELEASE.jar:1.5.9.RELEASE]
	at org.springframework.boot.SpringApplication.run(SpringApplication.java:303) [spring-boot-1.5.9.RELEASE.jar:1.5.9.RELEASE]
	at org.springframework.boot.SpringApplication.run(SpringApplication.java:1118) [spring-boot-1.5.9.RELEASE.jar:1.5.9.RELEASE]
	at org.springframework.boot.SpringApplication.run(SpringApplication.java:1107) [spring-boot-1.5.9.RELEASE.jar:1.5.9.RELEASE]
	at com.iktpreobuka.uploadexample.UploadExampleApplication.main(UploadExampleApplication.java:14) [classes/:?]
	at sun.reflect.NativeMethodAccessorImpl.invoke0(Native Method) ~[?:1.8.0_151]
	at sun.reflect.NativeMethodAccessorImpl.invoke(Unknown Source) ~[?:1.8.0_151]
	at sun.reflect.DelegatingMethodAccessorImpl.invoke(Unknown Source) ~[?:1.8.0_151]
	at java.lang.reflect.Method.invoke(Unknown Source) ~[?:1.8.0_151]
	at org.springframework.boot.devtools.restart.RestartLauncher.run(RestartLauncher.java:49) [spring-boot-devtools-1.5.9.RELEASE.jar:1.5.9.RELEASE]
Caused by: org.springframework.beans.BeanInstantiationException: Failed to instantiate [com.iktpreobuka.uploadexample.controllers.UploaderController]: Constructor threw exception; nested exception is java.lang.ClassCastException: org.apache.logging.slf4j.Log4jLogger cannot be cast to org.apache.logging.log4j.Logger
	at org.springframework.beans.BeanUtils.instantiateClass(BeanUtils.java:154) ~[spring-beans-4.3.13.RELEASE.jar:4.3.13.RELEASE]
	at org.springframework.beans.factory.support.SimpleInstantiationStrategy.instantiate(SimpleInstantiationStrategy.java:89) ~[spring-beans-4.3.13.RELEASE.jar:4.3.13.RELEASE]
	at org.springframework.beans.factory.support.AbstractAutowireCapableBeanFactory.instantiateBean(AbstractAutowireCapableBeanFactory.java:1147) ~[spring-beans-4.3.13.RELEASE.jar:4.3.13.RELEASE]
	... 22 more
Caused by: java.lang.ClassCastException: org.apache.logging.slf4j.Log4jLogger cannot be cast to org.apache.logging.log4j.Logger
	at com.iktpreobuka.uploadexample.controllers.UploaderController.<init>(UploaderController.java:24) ~[classes/:?]
	at sun.reflect.NativeConstructorAccessorImpl.newInstance0(Native Method) ~[?:1.8.0_151]
	at sun.reflect.NativeConstructorAccessorImpl.newInstance(Unknown Source) ~[?:1.8.0_151]
	at sun.reflect.DelegatingConstructorAccessorImpl.newInstance(Unknown Source) ~[?:1.8.0_151]
	at java.lang.reflect.Constructor.newInstance(Unknown Source) ~[?:1.8.0_151]
	at org.springframework.beans.BeanUtils.instantiateClass(BeanUtils.java:142) ~[spring-beans-4.3.13.RELEASE.jar:4.3.13.RELEASE]
	at org.springframework.beans.factory.support.SimpleInstantiationStrategy.instantiate(SimpleInstantiationStrategy.java:89) ~[spring-beans-4.3.13.RELEASE.jar:4.3.13.RELEASE]
	at org.springframework.beans.factory.support.AbstractAutowireCapableBeanFactory.instantiateBean(AbstractAutowireCapableBeanFactory.java:1147) ~[spring-beans-4.3.13.RELEASE.jar:4.3.13.RELEASE]
	... 22 more

2018-01-23 19:07:29.860  INFO 4268 --- [restartedMain] c.i.u.UploadExampleApplication           : Starting UploadExampleApplication on HP with PID 4268 (E:\workspace-sts-3.9.2.RELEASE\upload_example\target\classes started by Genius in E:\workspace-sts-3.9.2.RELEASE\upload_example)
2018-01-23 19:07:29.870  INFO 4268 --- [restartedMain] c.i.u.UploadExampleApplication           : No active profile set, falling back to default profiles: default
2018-01-23 19:07:30.483  INFO 4268 --- [restartedMain] ationConfigEmbeddedWebApplicationContext : Refreshing org.springframework.boot.context.embedded.AnnotationConfigEmbeddedWebApplicationContext@2d184f09: startup date [Tue Jan 23 19:07:30 CET 2018]; root of context hierarchy
2018-01-23 19:07:35.052  INFO 4268 --- [restartedMain] s.b.c.e.t.TomcatEmbeddedServletContainer : Tomcat initialized with port(s): 9000 (http)
2018-01-23 19:07:35.090  INFO 4268 --- [restartedMain] o.a.c.c.StandardService                  : Starting service [Tomcat]
2018-01-23 19:07:35.090  INFO 4268 --- [restartedMain] o.a.c.c.StandardEngine                   : Starting Servlet Engine: Apache Tomcat/8.5.23
2018-01-23 19:07:35.576  INFO 4268 --- [localhost-startStop-1] o.a.c.c.C.[.[.[/]                        : Initializing Spring embedded WebApplicationContext
2018-01-23 19:07:35.591  INFO 4268 --- [localhost-startStop-1] o.s.w.c.ContextLoader                    : Root WebApplicationContext: initialization completed in 5108 ms
2018-01-23 19:07:36.161  INFO 4268 --- [localhost-startStop-1] o.s.b.w.s.ServletRegistrationBean        : Mapping servlet: 'dispatcherServlet' to [/]
2018-01-23 19:07:36.178  INFO 4268 --- [localhost-startStop-1] o.s.b.w.s.FilterRegistrationBean         : Mapping filter: 'characterEncodingFilter' to: [/*]
2018-01-23 19:07:36.178  INFO 4268 --- [localhost-startStop-1] o.s.b.w.s.FilterRegistrationBean         : Mapping filter: 'hiddenHttpMethodFilter' to: [/*]
2018-01-23 19:07:36.178  INFO 4268 --- [localhost-startStop-1] o.s.b.w.s.FilterRegistrationBean         : Mapping filter: 'httpPutFormContentFilter' to: [/*]
2018-01-23 19:07:36.178  INFO 4268 --- [localhost-startStop-1] o.s.b.w.s.FilterRegistrationBean         : Mapping filter: 'requestContextFilter' to: [/*]
2018-01-23 19:07:37.147  INFO 4268 --- [restartedMain] s.w.s.m.m.a.RequestMappingHandlerAdapter : Looking for @ControllerAdvice: org.springframework.boot.context.embedded.AnnotationConfigEmbeddedWebApplicationContext@2d184f09: startup date [Tue Jan 23 19:07:30 CET 2018]; root of context hierarchy
2018-01-23 19:07:37.396  INFO 4268 --- [restartedMain] s.w.s.m.m.a.RequestMappingHandlerMapping : Mapped "{[/],methods=[GET]}" onto public java.lang.String com.iktpreobuka.uploadexample.controllers.UploaderController.index()
2018-01-23 19:07:37.404  INFO 4268 --- [restartedMain] s.w.s.m.m.a.RequestMappingHandlerMapping : Mapped "{[/uploadStatus],methods=[GET]}" onto public java.lang.String com.iktpreobuka.uploadexample.controllers.UploaderController.uploadStatus()
2018-01-23 19:07:37.404  INFO 4268 --- [restartedMain] s.w.s.m.m.a.RequestMappingHandlerMapping : Mapped "{[/upload],methods=[POST]}" onto public java.lang.String com.iktpreobuka.uploadexample.controllers.UploaderController.singleFileUpload(org.springframework.web.multipart.MultipartFile,org.springframework.web.servlet.mvc.support.RedirectAttributes)
2018-01-23 19:07:37.419  INFO 4268 --- [restartedMain] s.w.s.m.m.a.RequestMappingHandlerMapping : Mapped "{[/error]}" onto public org.springframework.http.ResponseEntity<java.util.Map<java.lang.String, java.lang.Object>> org.springframework.boot.autoconfigure.web.BasicErrorController.error(javax.servlet.http.HttpServletRequest)
2018-01-23 19:07:37.419  INFO 4268 --- [restartedMain] s.w.s.m.m.a.RequestMappingHandlerMapping : Mapped "{[/error],produces=[text/html]}" onto public org.springframework.web.servlet.ModelAndView org.springframework.boot.autoconfigure.web.BasicErrorController.errorHtml(javax.servlet.http.HttpServletRequest,javax.servlet.http.HttpServletResponse)
2018-01-23 19:07:37.576  INFO 4268 --- [restartedMain] o.s.w.s.h.SimpleUrlHandlerMapping        : Mapped URL path [/webjars/**] onto handler of type [class org.springframework.web.servlet.resource.ResourceHttpRequestHandler]
2018-01-23 19:07:37.576  INFO 4268 --- [restartedMain] o.s.w.s.h.SimpleUrlHandlerMapping        : Mapped URL path [/**] onto handler of type [class org.springframework.web.servlet.resource.ResourceHttpRequestHandler]
2018-01-23 19:07:37.669  INFO 4268 --- [restartedMain] .m.m.a.ExceptionHandlerExceptionResolver : Detected @ExceptionHandler methods in globalExceptionHandler
2018-01-23 19:07:37.763  INFO 4268 --- [restartedMain] o.s.w.s.h.SimpleUrlHandlerMapping        : Mapped URL path [/**/favicon.ico] onto handler of type [class org.springframework.web.servlet.resource.ResourceHttpRequestHandler]
2018-01-23 19:07:39.961  INFO 4268 --- [restartedMain] o.s.b.d.a.OptionalLiveReloadServer       : LiveReload server is running on port 35729
2018-01-23 19:07:40.314  INFO 4268 --- [restartedMain] o.s.j.e.a.AnnotationMBeanExporter        : Registering beans for JMX exposure on startup
2018-01-23 19:07:40.553  INFO 4268 --- [restartedMain] s.b.c.e.t.TomcatEmbeddedServletContainer : Tomcat started on port(s): 9000 (http)
2018-01-23 19:07:40.584  INFO 4268 --- [restartedMain] c.i.u.UploadExampleApplication           : Started UploadExampleApplication in 11.835 seconds (JVM running for 14.73)
2018-01-23 19:08:47.864  INFO 4268 --- [http-nio-9000-exec-1] o.a.c.c.C.[.[.[/]                        : Initializing Spring FrameworkServlet 'dispatcherServlet'
2018-01-23 19:08:47.865  INFO 4268 --- [http-nio-9000-exec-1] o.s.w.s.DispatcherServlet                : FrameworkServlet 'dispatcherServlet': initialization started
2018-01-23 19:08:47.984  INFO 4268 --- [http-nio-9000-exec-1] o.s.w.s.DispatcherServlet                : FrameworkServlet 'dispatcherServlet': initialization completed in 118 ms
2018-01-23 19:09:08.173  INFO 4268 --- [http-nio-9000-exec-5] c.i.u.c.UploaderController               : This is an info message
2018-01-23 19:09:08.177  WARN 4268 --- [http-nio-9000-exec-5] c.i.u.c.UploaderController               : This is a warn message
2018-01-23 19:09:08.178 ERROR 4268 --- [http-nio-9000-exec-5] c.i.u.c.UploaderController               : This is an error message
2018-01-23 20:35:04.087  INFO 4268 --- [RMI TCP Connection(97)-127.0.0.1] inMXBeanRegistrar$SpringApplicationAdmin : Application shutdown requested.
2018-01-23 20:35:04.100  INFO 4268 --- [RMI TCP Connection(97)-127.0.0.1] ationConfigEmbeddedWebApplicationContext : Closing org.springframework.boot.context.embedded.AnnotationConfigEmbeddedWebApplicationContext@2d184f09: startup date [Tue Jan 23 19:07:30 CET 2018]; root of context hierarchy
2018-01-23 20:35:04.102  INFO 4268 --- [RMI TCP Connection(97)-127.0.0.1] o.s.j.e.a.AnnotationMBeanExporter        : Unregistering JMX-exposed beans on shutdown
